0 info it worked if it ends with ok
1 verbose cli [ '/usr/local/bin/node', '/usr/local/bin/npm', 'install', 'node' ]
2 info using npm@3.10.10
3 info using node@v6.11.4
4 verbose config Skipping project config: /Users/Noh/.npmrc. (matches userconfig)
5 silly loadCurrentTree Starting
6 silly install loadCurrentTree
7 silly install readLocalPackageData
8 silly fetchPackageMetaData node
9 silly fetchNamedPackageData node
10 silly mapToRegistry name node
11 silly mapToRegistry using default registry
12 silly mapToRegistry registry https://registry.npmjs.org/
13 silly mapToRegistry data Result {
13 silly mapToRegistry   raw: 'node',
13 silly mapToRegistry   scope: null,
13 silly mapToRegistry   escapedName: 'node',
13 silly mapToRegistry   name: 'node',
13 silly mapToRegistry   rawSpec: '',
13 silly mapToRegistry   spec: 'latest',
13 silly mapToRegistry   type: 'tag' }
14 silly mapToRegistry uri https://registry.npmjs.org/node
15 verbose request uri https://registry.npmjs.org/node
16 verbose request no auth needed
17 info attempt registry request try #1 at 2:49:15 PM
18 verbose request id 891315e0fa426748
19 http request GET https://registry.npmjs.org/node
20 http 200 https://registry.npmjs.org/node
21 verbose headers { server: 'nginx/1.10.1',
21 verbose headers   'content-type': 'application/json',
21 verbose headers   'last-modified': 'Thu, 28 Sep 2017 22:13:50 GMT',
21 verbose headers   etag: 'W/"59cd741e-4e34a"',
21 verbose headers   'content-encoding': 'gzip',
21 verbose headers   'cache-control': 'max-age=300',
21 verbose headers   'content-length': '51508',
21 verbose headers   'accept-ranges': 'bytes',
21 verbose headers   date: 'Sat, 21 Oct 2017 21:49:20 GMT',
21 verbose headers   via: '1.1 varnish',
21 verbose headers   age: '0',
21 verbose headers   connection: 'keep-alive',
21 verbose headers   'x-served-by': 'cache-lax8639-LAX',
21 verbose headers   'x-cache': 'MISS',
21 verbose headers   'x-cache-hits': '0',
21 verbose headers   'x-timer': 'S1508622561.812781,VS0,VE94',
21 verbose headers   vary: 'Accept-Encoding, Accept' }
22 silly get cb [ 200,
22 silly get   { server: 'nginx/1.10.1',
22 silly get     'content-type': 'application/json',
22 silly get     'last-modified': 'Thu, 28 Sep 2017 22:13:50 GMT',
22 silly get     etag: 'W/"59cd741e-4e34a"',
22 silly get     'content-encoding': 'gzip',
22 silly get     'cache-control': 'max-age=300',
22 silly get     'content-length': '51508',
22 silly get     'accept-ranges': 'bytes',
22 silly get     date: 'Sat, 21 Oct 2017 21:49:20 GMT',
22 silly get     via: '1.1 varnish',
22 silly get     age: '0',
22 silly get     connection: 'keep-alive',
22 silly get     'x-served-by': 'cache-lax8639-LAX',
22 silly get     'x-cache': 'MISS',
22 silly get     'x-cache-hits': '0',
22 silly get     'x-timer': 'S1508622561.812781,VS0,VE94',
22 silly get     vary: 'Accept-Encoding, Accept' } ]
23 verbose get saving node to /Users/Noh/.npm/registry.npmjs.org/node/.cache.json
24 verbose correctMkdir /Users/Noh/.npm correctMkdir not in flight; initializing
25 silly install normalizeTree
26 silly loadCurrentTree Finishing
27 silly loadIdealTree Starting
28 silly install loadIdealTree
29 silly cloneCurrentTree Starting
30 silly install cloneCurrentTreeToIdealTree
31 silly cloneCurrentTree Finishing
32 silly loadShrinkwrap Starting
33 silly install loadShrinkwrap
34 silly loadShrinkwrap Finishing
35 silly loadAllDepsIntoIdealTree Starting
36 silly install loadAllDepsIntoIdealTree
37 silly resolveWithNewModule node@8.3.0 checking installable status
38 silly cache add args [ 'node', null ]
39 verbose cache add spec node
40 silly cache add parsed spec Result {
40 silly cache add   raw: 'node',
40 silly cache add   scope: null,
40 silly cache add   escapedName: 'node',
40 silly cache add   name: 'node',
40 silly cache add   rawSpec: '',
40 silly cache add   spec: 'latest',
40 silly cache add   type: 'tag' }
41 silly addNamed node@latest
42 verbose addNamed "latest" is being treated as a dist-tag for node
43 info addNameTag [ 'node', 'latest' ]
44 silly mapToRegistry name node
45 silly mapToRegistry using default registry
46 silly mapToRegistry registry https://registry.npmjs.org/
47 silly mapToRegistry data Result {
47 silly mapToRegistry   raw: 'node',
47 silly mapToRegistry   scope: null,
47 silly mapToRegistry   escapedName: 'node',
47 silly mapToRegistry   name: 'node',
47 silly mapToRegistry   rawSpec: '',
47 silly mapToRegistry   spec: 'latest',
47 silly mapToRegistry   type: 'tag' }
48 silly mapToRegistry uri https://registry.npmjs.org/node
49 verbose addNameTag registry:https://registry.npmjs.org/node not in flight; fetching
50 verbose get https://registry.npmjs.org/node not expired, no request
51 silly addNameTag next cb for node with tag latest
52 silly addNamed node@8.3.0
53 verbose addNamed "8.3.0" is a plain semver version for node
54 silly mapToRegistry name node
55 silly mapToRegistry using default registry
56 silly mapToRegistry registry https://registry.npmjs.org/
57 silly mapToRegistry data Result {
57 silly mapToRegistry   raw: 'node',
57 silly mapToRegistry   scope: null,
57 silly mapToRegistry   escapedName: 'node',
57 silly mapToRegistry   name: 'node',
57 silly mapToRegistry   rawSpec: '',
57 silly mapToRegistry   spec: 'latest',
57 silly mapToRegistry   type: 'tag' }
58 silly mapToRegistry uri https://registry.npmjs.org/node
59 verbose addRemoteTarball https://registry.npmjs.org/node/-/node-8.3.0.tgz not in flight; adding
60 verbose addRemoteTarball [ 'https://registry.npmjs.org/node/-/node-8.3.0.tgz',
60 verbose addRemoteTarball   '478e84ffcc4be39938306ace1c4613c8231e5f44' ]
61 info retry fetch attempt 1 at 2:49:21 PM
62 info attempt registry request try #1 at 2:49:21 PM
63 http fetch GET https://registry.npmjs.org/node/-/node-8.3.0.tgz
64 http fetch 200 https://registry.npmjs.org/node/-/node-8.3.0.tgz
65 silly fetchAndShaCheck shasum 478e84ffcc4be39938306ace1c4613c8231e5f44
66 verbose addTmpTarball /var/folders/69/lbrgdj195mjg40x0yc9lxsgc0000gn/T/npm-3264-21ac0243/registry.npmjs.org/node/-/node-8.3.0.tgz not in flight; adding
67 verbose addTmpTarball already have metadata; skipping unpack for node@8.3.0
68 verbose correctMkdir /Users/Noh/.npm correctMkdir not in flight; initializing
69 silly cache afterAdd node@8.3.0
70 verbose afterAdd /Users/Noh/.npm/node/8.3.0/package/package.json not in flight; writing
71 verbose correctMkdir /Users/Noh/.npm correctMkdir not in flight; initializing
72 verbose afterAdd /Users/Noh/.npm/node/8.3.0/package/package.json written
73 silly fetchNamedPackageData node-bin-setup
74 silly mapToRegistry name node-bin-setup
75 silly mapToRegistry using default registry
76 silly mapToRegistry registry https://registry.npmjs.org/
77 silly mapToRegistry data Result {
77 silly mapToRegistry   raw: 'node-bin-setup',
77 silly mapToRegistry   scope: null,
77 silly mapToRegistry   escapedName: 'node-bin-setup',
77 silly mapToRegistry   name: 'node-bin-setup',
77 silly mapToRegistry   rawSpec: '',
77 silly mapToRegistry   spec: 'latest',
77 silly mapToRegistry   type: 'tag' }
78 silly mapToRegistry uri https://registry.npmjs.org/node-bin-setup
79 verbose request uri https://registry.npmjs.org/node-bin-setup
80 verbose request no auth needed
81 info attempt registry request try #1 at 2:49:21 PM
82 http request GET https://registry.npmjs.org/node-bin-setup
83 http 200 https://registry.npmjs.org/node-bin-setup
84 verbose headers { server: 'nginx/1.10.3',
84 verbose headers   'content-type': 'application/json',
84 verbose headers   'last-modified': 'Tue, 25 Jul 2017 03:32:58 GMT',
84 verbose headers   etag: 'W/"5976bbea-1511"',
84 verbose headers   'content-encoding': 'gzip',
84 verbose headers   'cache-control': 'max-age=300',
84 verbose headers   'content-length': '1464',
84 verbose headers   'accept-ranges': 'bytes',
84 verbose headers   date: 'Sat, 21 Oct 2017 21:49:21 GMT',
84 verbose headers   via: '1.1 varnish',
84 verbose headers   age: '0',
84 verbose headers   connection: 'keep-alive',
84 verbose headers   'x-served-by': 'cache-lax8639-LAX',
84 verbose headers   'x-cache': 'MISS',
84 verbose headers   'x-cache-hits': '0',
84 verbose headers   'x-timer': 'S1508622562.528734,VS0,VE37',
84 verbose headers   vary: 'Accept-Encoding, Accept' }
85 silly get cb [ 200,
85 silly get   { server: 'nginx/1.10.3',
85 silly get     'content-type': 'application/json',
85 silly get     'last-modified': 'Tue, 25 Jul 2017 03:32:58 GMT',
85 silly get     etag: 'W/"5976bbea-1511"',
85 silly get     'content-encoding': 'gzip',
85 silly get     'cache-control': 'max-age=300',
85 silly get     'content-length': '1464',
85 silly get     'accept-ranges': 'bytes',
85 silly get     date: 'Sat, 21 Oct 2017 21:49:21 GMT',
85 silly get     via: '1.1 varnish',
85 silly get     age: '0',
85 silly get     connection: 'keep-alive',
85 silly get     'x-served-by': 'cache-lax8639-LAX',
85 silly get     'x-cache': 'MISS',
85 silly get     'x-cache-hits': '0',
85 silly get     'x-timer': 'S1508622562.528734,VS0,VE37',
85 silly get     vary: 'Accept-Encoding, Accept' } ]
86 verbose get saving node-bin-setup to /Users/Noh/.npm/registry.npmjs.org/node-bin-setup/.cache.json
87 verbose correctMkdir /Users/Noh/.npm correctMkdir not in flight; initializing
88 silly resolveWithNewModule node-bin-setup@1.0.6 checking installable status
89 silly cache add args [ 'node-bin-setup@^1.0.0', null ]
90 verbose cache add spec node-bin-setup@^1.0.0
91 silly cache add parsed spec Result {
91 silly cache add   raw: 'node-bin-setup@^1.0.0',
91 silly cache add   scope: null,
91 silly cache add   escapedName: 'node-bin-setup',
91 silly cache add   name: 'node-bin-setup',
91 silly cache add   rawSpec: '^1.0.0',
91 silly cache add   spec: '>=1.0.0 <2.0.0',
91 silly cache add   type: 'range' }
92 silly addNamed node-bin-setup@>=1.0.0 <2.0.0
93 verbose addNamed ">=1.0.0 <2.0.0" is a valid semver range for node-bin-setup
94 silly addNameRange { name: 'node-bin-setup',
94 silly addNameRange   range: '>=1.0.0 <2.0.0',
94 silly addNameRange   hasData: false }
95 silly mapToRegistry name node-bin-setup
96 silly mapToRegistry using default registry
97 silly mapToRegistry registry https://registry.npmjs.org/
98 silly mapToRegistry data Result {
98 silly mapToRegistry   raw: 'node-bin-setup',
98 silly mapToRegistry   scope: null,
98 silly mapToRegistry   escapedName: 'node-bin-setup',
98 silly mapToRegistry   name: 'node-bin-setup',
98 silly mapToRegistry   rawSpec: '',
98 silly mapToRegistry   spec: 'latest',
98 silly mapToRegistry   type: 'tag' }
99 silly mapToRegistry uri https://registry.npmjs.org/node-bin-setup
100 verbose addNameRange registry:https://registry.npmjs.org/node-bin-setup not in flight; fetching
101 verbose get https://registry.npmjs.org/node-bin-setup not expired, no request
102 silly addNameRange number 2 { name: 'node-bin-setup',
102 silly addNameRange   range: '>=1.0.0 <2.0.0',
102 silly addNameRange   hasData: true }
103 silly addNameRange versions [ 'node-bin-setup',
103 silly addNameRange   [ '1.0.0', '1.0.1', '1.0.2', '1.0.3', '1.0.4', '1.0.6' ] ]
104 silly addNamed node-bin-setup@1.0.6
105 verbose addNamed "1.0.6" is a plain semver version for node-bin-setup
106 silly mapToRegistry name node-bin-setup
107 silly mapToRegistry using default registry
108 silly mapToRegistry registry https://registry.npmjs.org/
109 silly mapToRegistry data Result {
109 silly mapToRegistry   raw: 'node-bin-setup',
109 silly mapToRegistry   scope: null,
109 silly mapToRegistry   escapedName: 'node-bin-setup',
109 silly mapToRegistry   name: 'node-bin-setup',
109 silly mapToRegistry   rawSpec: '',
109 silly mapToRegistry   spec: 'latest',
109 silly mapToRegistry   type: 'tag' }
110 silly mapToRegistry uri https://registry.npmjs.org/node-bin-setup
111 verbose addRemoteTarball https://registry.npmjs.org/node-bin-setup/-/node-bin-setup-1.0.6.tgz not in flight; adding
112 verbose addRemoteTarball [ 'https://registry.npmjs.org/node-bin-setup/-/node-bin-setup-1.0.6.tgz',
112 verbose addRemoteTarball   '4b5c9bb937ece702d7069b36ca78af4684677528' ]
113 info retry fetch attempt 1 at 2:49:21 PM
114 info attempt registry request try #1 at 2:49:21 PM
115 http fetch GET https://registry.npmjs.org/node-bin-setup/-/node-bin-setup-1.0.6.tgz
116 http fetch 200 https://registry.npmjs.org/node-bin-setup/-/node-bin-setup-1.0.6.tgz
117 silly fetchAndShaCheck shasum 4b5c9bb937ece702d7069b36ca78af4684677528
118 verbose addTmpTarball /var/folders/69/lbrgdj195mjg40x0yc9lxsgc0000gn/T/npm-3264-21ac0243/registry.npmjs.org/node-bin-setup/-/node-bin-setup-1.0.6.tgz not in flight; adding
119 verbose addTmpTarball already have metadata; skipping unpack for node-bin-setup@1.0.6
120 verbose correctMkdir /Users/Noh/.npm correctMkdir not in flight; initializing
121 silly cache afterAdd node-bin-setup@1.0.6
122 verbose afterAdd /Users/Noh/.npm/node-bin-setup/1.0.6/package/package.json not in flight; writing
123 verbose correctMkdir /Users/Noh/.npm correctMkdir not in flight; initializing
124 verbose afterAdd /Users/Noh/.npm/node-bin-setup/1.0.6/package/package.json written
125 silly loadAllDepsIntoIdealTree Finishing
126 silly loadIdealTree Finishing
127 silly currentTree Noh
127 silly currentTree ├── ajv@5.2.3
127 silly currentTree ├── asn1@0.2.3
127 silly currentTree ├── assert-plus@1.0.0
127 silly currentTree ├── asynckit@0.4.0
127 silly currentTree ├── aws-sign2@0.7.0
127 silly currentTree ├── aws4@1.6.0
127 silly currentTree ├── bcrypt-pbkdf@1.0.1
127 silly currentTree ├── boom@4.3.1
127 silly currentTree ├── caseless@0.12.0
127 silly currentTree ├── co@4.6.0
127 silly currentTree ├── combined-stream@1.0.5
127 silly currentTree ├── core-util-is@1.0.2
127 silly currentTree ├─┬ cryptiles@3.1.2
127 silly currentTree │ └── boom@5.2.0
127 silly currentTree ├── dashdash@1.14.1
127 silly currentTree ├── delayed-stream@1.0.0
127 silly currentTree ├── ecc-jsbn@0.1.1
127 silly currentTree ├── extend@3.0.1
127 silly currentTree ├── extsprintf@1.3.0
127 silly currentTree ├── fast-deep-equal@1.0.0
127 silly currentTree ├── forever-agent@0.6.1
127 silly currentTree ├── form-data@2.3.1
127 silly currentTree ├── getpass@0.1.7
127 silly currentTree ├── har-schema@2.0.0
127 silly currentTree ├── har-validator@5.0.3
127 silly currentTree ├── hawk@6.0.2
127 silly currentTree ├── hoek@4.2.0
127 silly currentTree ├── http-signature@1.2.0
127 silly currentTree ├── is-typedarray@1.0.0
127 silly currentTree ├── isstream@0.1.2
127 silly currentTree ├── jsbn@0.1.1
127 silly currentTree ├── json-schema-traverse@0.3.1
127 silly currentTree ├── json-schema@0.2.3
127 silly currentTree ├── json-stable-stringify@1.0.1
127 silly currentTree ├── json-stringify-safe@5.0.1
127 silly currentTree ├── jsonify@0.0.0
127 silly currentTree ├── jsprim@1.4.1
127 silly currentTree ├── mime-db@1.30.0
127 silly currentTree ├── mime-types@2.1.17
127 silly currentTree ├── oauth-sign@0.8.2
127 silly currentTree ├── performance-now@2.1.0
127 silly currentTree ├── punycode@1.4.1
127 silly currentTree ├── python-shell@0.4.0
127 silly currentTree ├── qs@6.5.1
127 silly currentTree ├── request@2.83.0
127 silly currentTree ├── safe-buffer@5.1.1
127 silly currentTree ├── sntp@2.0.2
127 silly currentTree ├── sshpk@1.13.1
127 silly currentTree ├── stringstream@0.0.5
127 silly currentTree ├── tough-cookie@2.3.3
127 silly currentTree ├── tunnel-agent@0.6.0
127 silly currentTree ├── tweetnacl@0.14.5
127 silly currentTree ├── uuid@3.1.0
127 silly currentTree └── verror@1.10.0
128 silly idealTree Noh
128 silly idealTree ├── ajv@5.2.3
128 silly idealTree ├── asn1@0.2.3
128 silly idealTree ├── assert-plus@1.0.0
128 silly idealTree ├── asynckit@0.4.0
128 silly idealTree ├── aws-sign2@0.7.0
128 silly idealTree ├── aws4@1.6.0
128 silly idealTree ├── bcrypt-pbkdf@1.0.1
128 silly idealTree ├── boom@4.3.1
128 silly idealTree ├── caseless@0.12.0
128 silly idealTree ├── co@4.6.0
128 silly idealTree ├── combined-stream@1.0.5
128 silly idealTree ├── core-util-is@1.0.2
128 silly idealTree ├─┬ cryptiles@3.1.2
128 silly idealTree │ └── boom@5.2.0
128 silly idealTree ├── dashdash@1.14.1
128 silly idealTree ├── delayed-stream@1.0.0
128 silly idealTree ├── ecc-jsbn@0.1.1
128 silly idealTree ├── extend@3.0.1
128 silly idealTree ├── extsprintf@1.3.0
128 silly idealTree ├── fast-deep-equal@1.0.0
128 silly idealTree ├── forever-agent@0.6.1
128 silly idealTree ├── form-data@2.3.1
128 silly idealTree ├── getpass@0.1.7
128 silly idealTree ├── har-schema@2.0.0
128 silly idealTree ├── har-validator@5.0.3
128 silly idealTree ├── hawk@6.0.2
128 silly idealTree ├── hoek@4.2.0
128 silly idealTree ├── http-signature@1.2.0
128 silly idealTree ├── is-typedarray@1.0.0
128 silly idealTree ├── isstream@0.1.2
128 silly idealTree ├── jsbn@0.1.1
128 silly idealTree ├── json-schema-traverse@0.3.1
128 silly idealTree ├── json-schema@0.2.3
128 silly idealTree ├── json-stable-stringify@1.0.1
128 silly idealTree ├── json-stringify-safe@5.0.1
128 silly idealTree ├── jsonify@0.0.0
128 silly idealTree ├── jsprim@1.4.1
128 silly idealTree ├── mime-db@1.30.0
128 silly idealTree ├── mime-types@2.1.17
128 silly idealTree ├── node-bin-setup@1.0.6
128 silly idealTree ├── node@8.3.0
128 silly idealTree ├── oauth-sign@0.8.2
128 silly idealTree ├── performance-now@2.1.0
128 silly idealTree ├── punycode@1.4.1
128 silly idealTree ├── python-shell@0.4.0
128 silly idealTree ├── qs@6.5.1
128 silly idealTree ├── request@2.83.0
128 silly idealTree ├── safe-buffer@5.1.1
128 silly idealTree ├── sntp@2.0.2
128 silly idealTree ├── sshpk@1.13.1
128 silly idealTree ├── stringstream@0.0.5
128 silly idealTree ├── tough-cookie@2.3.3
128 silly idealTree ├── tunnel-agent@0.6.0
128 silly idealTree ├── tweetnacl@0.14.5
128 silly idealTree ├── uuid@3.1.0
128 silly idealTree └── verror@1.10.0
129 silly generateActionsToTake Starting
130 silly install generateActionsToTake
131 silly generateActionsToTake Finishing
132 silly diffTrees action count 2
133 silly diffTrees add node-bin-setup@1.0.6
134 silly diffTrees add node@8.3.0
135 silly decomposeActions action count 16
136 silly decomposeActions fetch node-bin-setup@1.0.6
137 silly decomposeActions extract node-bin-setup@1.0.6
138 silly decomposeActions test node-bin-setup@1.0.6
139 silly decomposeActions preinstall node-bin-setup@1.0.6
140 silly decomposeActions build node-bin-setup@1.0.6
141 silly decomposeActions install node-bin-setup@1.0.6
142 silly decomposeActions postinstall node-bin-setup@1.0.6
143 silly decomposeActions finalize node-bin-setup@1.0.6
144 silly decomposeActions fetch node@8.3.0
145 silly decomposeActions extract node@8.3.0
146 silly decomposeActions test node@8.3.0
147 silly decomposeActions preinstall node@8.3.0
148 silly decomposeActions build node@8.3.0
149 silly decomposeActions install node@8.3.0
150 silly decomposeActions postinstall node@8.3.0
151 silly decomposeActions finalize node@8.3.0
152 silly runTopLevelLifecycles Starting
153 silly executeActions Starting
154 silly install executeActions
155 silly doSerial global-install 0
156 silly doParallel fetch 2
157 verbose correctMkdir /Users/Noh/.npm/_locks correctMkdir not in flight; initializing
158 verbose lock using /Users/Noh/.npm/_locks/staging-0d260460b92ef191.lock for /Users/Noh/node_modules/.staging
159 silly doParallel extract 2
160 silly extract node-bin-setup@1.0.6
161 silly extract node@8.3.0
162 verbose unbuild node_modules/.staging/node-bin-setup-27528ec0
163 verbose unbuild node_modules/.staging/node-67bac782
164 silly gentlyRm /Users/Noh/node_modules/.staging/node-bin-setup-27528ec0 is being purged from base /Users/Noh
165 verbose gentlyRm don't care about contents; nuking /Users/Noh/node_modules/.staging/node-bin-setup-27528ec0
166 verbose tar unpack /Users/Noh/.npm/node-bin-setup/1.0.6/package.tgz
167 verbose tar unpacking to /Users/Noh/node_modules/.staging/node-bin-setup-27528ec0
168 silly gentlyRm /Users/Noh/node_modules/.staging/node-bin-setup-27528ec0 is being purged
169 verbose gentlyRm don't care about contents; nuking /Users/Noh/node_modules/.staging/node-bin-setup-27528ec0
170 silly gentlyRm /Users/Noh/node_modules/.staging/node-67bac782 is being purged from base /Users/Noh
171 verbose gentlyRm don't care about contents; nuking /Users/Noh/node_modules/.staging/node-67bac782
172 silly gunzTarPerm modes [ '755', '644' ]
173 verbose tar unpack /Users/Noh/.npm/node/8.3.0/package.tgz
174 verbose tar unpacking to /Users/Noh/node_modules/.staging/node-67bac782
175 silly gentlyRm /Users/Noh/node_modules/.staging/node-67bac782 is being purged
176 verbose gentlyRm don't care about contents; nuking /Users/Noh/node_modules/.staging/node-67bac782
177 silly gunzTarPerm modes [ '755', '644' ]
178 silly gunzTarPerm extractEntry package.json
179 silly gunzTarPerm extractEntry package.json
180 silly gunzTarPerm extractEntry index.js
181 silly gunzTarPerm extractEntry README.md
182 silly gunzTarPerm extractEntry installArchSpecificPackage.js
183 silly gentlyRm /Users/Noh/node_modules/.staging/node-bin-setup-27528ec0/node_modules is being purged
184 verbose gentlyRm don't care about contents; nuking /Users/Noh/node_modules/.staging/node-bin-setup-27528ec0/node_modules
185 silly gentlyRm /Users/Noh/node_modules/.staging/node-67bac782/node_modules is being purged
186 verbose gentlyRm don't care about contents; nuking /Users/Noh/node_modules/.staging/node-67bac782/node_modules
187 silly doParallel preinstall 2
188 silly preinstall node-bin-setup@1.0.6 /Users/Noh/node_modules/.staging/node-bin-setup-27528ec0
189 info lifecycle node-bin-setup@1.0.6~preinstall: node-bin-setup@1.0.6
190 silly preinstall node@8.3.0 /Users/Noh/node_modules/.staging/node-67bac782
191 info lifecycle node@8.3.0~preinstall: node@8.3.0
192 silly lifecycle node-bin-setup@1.0.6~preinstall: no script for preinstall, continuing
193 verbose lifecycle node@8.3.0~preinstall: unsafe-perm in lifecycle true
194 verbose lifecycle node@8.3.0~preinstall: PATH: /usr/local/lib/node_modules/npm/bin/node-gyp-bin:/Users/Noh/node_modules/.staging/node-67bac782/node_modules/.bin:/Users/Noh/node_modules/.bin:/Library/Frameworks/Python.framework/Versions/2.7/bin:/Library/Frameworks/Python.framework/Versions/3.5/bin:/usr/local/bin:/usr/bin:/bin:/usr/sbin:/sbin
195 verbose lifecycle node@8.3.0~preinstall: CWD: /Users/Noh/node_modules/.staging/node-67bac782
196 silly lifecycle node@8.3.0~preinstall: Args: [ '-c', 'node installArchSpecificPackage' ]
197 silly lifecycle node@8.3.0~preinstall: Returned: code: 1  signal: null
198 info lifecycle node@8.3.0~preinstall: Failed to exec preinstall script
199 verbose unlock done using /Users/Noh/.npm/_locks/staging-0d260460b92ef191.lock for /Users/Noh/node_modules/.staging
200 silly rollbackFailedOptional Starting
201 silly rollbackFailedOptional Finishing
202 silly runTopLevelLifecycles Finishing
203 silly install printInstalled
204 warn enoent ENOENT: no such file or directory, open '/Users/Noh/package.json'
205 verbose enoent ENOENT: no such file or directory, open '/Users/Noh/package.json'
205 verbose enoent This is most likely not a problem with npm itself
205 verbose enoent and is related to npm not being able to find a file.
206 warn Noh No description
207 verbose If you need help, you may report this error at:
207 verbose     <https://github.com/npm/npm/issues>
208 warn Noh No repository field.
209 verbose If you need help, you may report this error at:
209 verbose     <https://github.com/npm/npm/issues>
210 warn Noh No README data
211 verbose If you need help, you may report this error at:
211 verbose     <https://github.com/npm/npm/issues>
212 warn Noh No license field.
213 verbose If you need help, you may report this error at:
213 verbose     <https://github.com/npm/npm/issues>
214 verbose stack Error: node@8.3.0 preinstall: `node installArchSpecificPackage`
214 verbose stack Exit status 1
214 verbose stack     at EventEmitter.<anonymous> (/usr/local/lib/node_modules/npm/lib/utils/lifecycle.js:255:16)
214 verbose stack     at emitTwo (events.js:106:13)
214 verbose stack     at EventEmitter.emit (events.js:191:7)
214 verbose stack     at ChildProcess.<anonymous> (/usr/local/lib/node_modules/npm/lib/utils/spawn.js:40:14)
214 verbose stack     at emitTwo (events.js:106:13)
214 verbose stack     at ChildProcess.emit (events.js:191:7)
214 verbose stack     at maybeClose (internal/child_process.js:920:16)
214 verbose stack     at Process.ChildProcess._handle.onexit (internal/child_process.js:230:5)
215 verbose pkgid node@8.3.0
216 verbose cwd /Users/Noh/sdhack
217 error Darwin 15.6.0
218 error argv "/usr/local/bin/node" "/usr/local/bin/npm" "install" "node"
219 error node v6.11.4
220 error npm  v3.10.10
221 error code ELIFECYCLE
222 error node@8.3.0 preinstall: `node installArchSpecificPackage`
222 error Exit status 1
223 error Failed at the node@8.3.0 preinstall script 'node installArchSpecificPackage'.
223 error Make sure you have the latest version of node.js and npm installed.
223 error If you do, this is most likely a problem with the node package,
223 error not with npm itself.
223 error Tell the author that this fails on your system:
223 error     node installArchSpecificPackage
223 error You can get information on how to open an issue for this project with:
223 error     npm bugs node
223 error Or if that isn't available, you can get their info via:
223 error     npm owner ls node
223 error There is likely additional logging output above.
224 verbose exit [ 1, true ]
